# JRE version: Java(TM) SE Runtime Environment (8.0_241-b07) (build 1.8.0_241-b07)
# Java VM: Java HotSpot(TM) 64-Bit Server VM (25.241-b07 mixed mode windows-amd64 compressed oops)
Heap:
 PSYoungGen      total 159744K, used 21038K [0x000000076af00000, 0x0000000779c80000, 0x00000007c0000000)
  eden space 146944K, 5% used [0x000000076af00000,0x000000076b714828,0x0000000773e80000)
  from space 12800K, 99% used [0x0000000773e80000,0x0000000774af72e0,0x0000000774b00000)
  to   space 14848K, 0% used [0x0000000778e00000,0x0000000778e00000,0x0000000779c80000)
 ParOldGen       total 105984K, used 9270K [0x00000006c0c00000, 0x00000006c7380000, 0x000000076af00000)
  object space 105984K, 8% used [0x00000006c0c00000,0x00000006c150da40,0x00000006c7380000)
 Metaspace       used 33292K, capacity 35306K, committed 35456K, reserved 1079296K
  class space    used 4506K, capacity 4881K, committed 4992K, reserved 1048576K
GC Heap History (10 events):
Event: 1.035 GC heap before
{Heap before GC invocations=4 (full 1):
 PSYoungGen      total 76288K, used 9745K [0x000000076af00000, 0x0000000774400000, 0x00000007c0000000)
  eden space 65536K, 0% used [0x000000076af00000,0x000000076af00000,0x000000076ef00000)
  from space 10752K, 90% used [0x000000076ef00000,0x000000076f8846f8,0x000000076f980000)
  to   space 10752K, 0% used [0x0000000773980000,0x0000000773980000,0x0000000774400000)
 ParOldGen       total 175104K, used 32K [0x00000006c0c00000, 0x00000006cb700000, 0x000000076af00000)
  object space 175104K, 0% used [0x00000006c0c00000,0x00000006c0c08000,0x00000006cb700000)
 Metaspace       used 20581K, capacity 21274K, committed 21296K, reserved 1067008K
  class space    used 2757K, capacity 2936K, committed 2944K, reserved 1048576K
Event: 1.056 GC heap after
Heap after GC invocations=4 (full 1):
 PSYoungGen      total 76288K, used 0K [0x000000076af00000, 0x0000000774400000, 0x00000007c0000000)
  eden space 65536K, 0% used [0x000000076af00000,0x000000076af00000,0x000000076ef00000)
  from space 10752K, 0% used [0x000000076ef00000,0x000000076ef00000,0x000000076f980000)
  to   space 10752K, 0% used [0x0000000773980000,0x0000000773980000,0x0000000774400000)
 ParOldGen       total 105984K, used 9238K [0x00000006c0c00000, 0x00000006c7380000, 0x000000076af00000)
  object space 105984K, 8% used [0x00000006c0c00000,0x00000006c1505a40,0x00000006c7380000)
 Metaspace       used 20579K, capacity 21268K, committed 21296K, reserved 1067008K
  class space    used 2757K, capacity 2935K, committed 2944K, reserved 1048576K
}
Event: 1.282 GC heap before
{Heap before GC invocations=5 (full 1):
 PSYoungGen      total 76288K, used 65495K [0x000000076af00000, 0x0000000774400000, 0x00000007c0000000)
  eden space 65536K, 99% used [0x000000076af00000,0x000000076eef5d30,0x000000076ef00000)
  from space 10752K, 0% used [0x000000076ef00000,0x000000076ef00000,0x000000076f980000)
  to   space 10752K, 0% used [0x0000000773980000,0x0000000773980000,0x0000000774400000)
 ParOldGen       total 105984K, used 9238K [0x00000006c0c00000, 0x00000006c7380000, 0x000000076af00000)
  object space 105984K, 8% used [0x00000006c0c00000,0x00000006c1505a40,0x00000006c7380000)
 Metaspace       used 21465K, capacity 22264K, committed 22400K, reserved 1069056K
  class space    used 2921K, capacity 3147K, committed 3200K, reserved 1048576K
Event: 1.286 GC heap after
Heap after GC invocations=5 (full 1):
 PSYoungGen      total 104448K, used 4800K [0x000000076af00000, 0x0000000773e80000, 0x00000007c0000000)
  eden space 99328K, 0% used [0x000000076af00000,0x000000076af00000,0x0000000771000000)
  from space 5120K, 93% used [0x0000000773980000,0x0000000773e30040,0x0000000773e80000)
  to   space 10752K, 0% used [0x0000000772980000,0x0000000772980000,0x0000000773400000)
 ParOldGen       total 105984K, used 9246K [0x00000006c0c00000, 0x00000006c7380000, 0x000000076af00000)
  object space 105984K, 8% used [0x00000006c0c00000,0x00000006c1507a40,0x00000006c7380000)
 Metaspace       used 21465K, capacity 22264K, committed 22400K, reserved 1069056K
  class space    used 2921K, capacity 3147K, committed 3200K, reserved 1048576K
}
Event: 1.473 GC heap before
{Heap before GC invocations=6 (full 1):
 PSYoungGen      total 104448K, used 104128K [0x000000076af00000, 0x0000000773e80000, 0x00000007c0000000)
  eden space 99328K, 100% used [0x000000076af00000,0x0000000771000000,0x0000000771000000)
  from space 5120K, 93% used [0x0000000773980000,0x0000000773e30040,0x0000000773e80000)
  to   space 10752K, 0% used [0x0000000772980000,0x0000000772980000,0x0000000773400000)
 ParOldGen       total 105984K, used 9246K [0x00000006c0c00000, 0x00000006c7380000, 0x000000076af00000)
  object space 105984K, 8% used [0x00000006c0c00000,0x00000006c1507a40,0x00000006c7380000)
 Metaspace       used 22817K, capacity 23822K, committed 24192K, reserved 1071104K
  class space    used 3104K, capacity 3333K, committed 3456K, reserved 1048576K
Event: 1.476 GC heap after
Heap after GC invocations=6 (full 1):
 PSYoungGen      total 136192K, used 5260K [0x000000076af00000, 0x0000000775680000, 0x00000007c0000000)
  eden space 125440K, 0% used [0x000000076af00000,0x000000076af00000,0x0000000772980000)
  from space 10752K, 48% used [0x0000000772980000,0x0000000772ea31a0,0x0000000773400000)
  to   space 11776K, 0% used [0x0000000774b00000,0x0000000774b00000,0x0000000775680000)
 ParOldGen       total 105984K, used 9254K [0x00000006c0c00000, 0x00000006c7380000, 0x000000076af00000)
  object space 105984K, 8% used [0x00000006c0c00000,0x00000006c1509a40,0x00000006c7380000)
 Metaspace       used 22817K, capacity 23822K, committed 24192K, reserved 1071104K
  class space    used 3104K, capacity 3333K, committed 3456K, reserved 1048576K
}
Event: 1.985 GC heap before
{Heap before GC invocations=7 (full 1):
 PSYoungGen      total 136192K, used 130700K [0x000000076af00000, 0x0000000775680000, 0x00000007c0000000)
  eden space 125440K, 100% used [0x000000076af00000,0x0000000772980000,0x0000000772980000)
  from space 10752K, 48% used [0x0000000772980000,0x0000000772ea31a0,0x0000000773400000)
  to   space 11776K, 0% used [0x0000000774b00000,0x0000000774b00000,0x0000000775680000)
 ParOldGen       total 105984K, used 9254K [0x00000006c0c00000, 0x00000006c7380000, 0x000000076af00000)
  object space 105984K, 8% used [0x00000006c0c00000,0x00000006c1509a40,0x00000006c7380000)
 Metaspace       used 27180K, capacity 28580K, committed 28672K, reserved 1073152K
  class space    used 3755K, capacity 4084K, committed 4096K, reserved 1048576K
Event: 1.990 GC heap after
Heap after GC invocations=7 (full 1):
 PSYoungGen      total 158720K, used 10156K [0x000000076af00000, 0x0000000777b00000, 0x00000007c0000000)
  eden space 146944K, 0% used [0x000000076af00000,0x000000076af00000,0x0000000773e80000)
  from space 11776K, 86% used [0x0000000774b00000,0x00000007754eb380,0x0000000775680000)
  to   space 12800K, 0% used [0x0000000773e80000,0x0000000773e80000,0x0000000774b00000)
 ParOldGen       total 105984K, used 9262K [0x00000006c0c00000, 0x00000006c7380000, 0x000000076af00000)
  object space 105984K, 8% used [0x00000006c0c00000,0x00000006c150ba40,0x00000006c7380000)
 Metaspace       used 27180K, capacity 28580K, committed 28672K, reserved 1073152K
  class space    used 3755K, capacity 4084K, committed 4096K, reserved 1048576K
}
Event: 2.449 GC heap before
{Heap before GC invocations=8 (full 1):
 PSYoungGen      total 158720K, used 157100K [0x000000076af00000, 0x0000000777b00000, 0x00000007c0000000)
  eden space 146944K, 100% used [0x000000076af00000,0x0000000773e80000,0x0000000773e80000)
  from space 11776K, 86% used [0x0000000774b00000,0x00000007754eb380,0x0000000775680000)
  to   space 12800K, 0% used [0x0000000773e80000,0x0000000773e80000,0x0000000774b00000)
 ParOldGen       total 105984K, used 9262K [0x00000006c0c00000, 0x00000006c7380000, 0x000000076af00000)
  object space 105984K, 8% used [0x00000006c0c00000,0x00000006c150ba40,0x00000006c7380000)
 Metaspace       used 33049K, capacity 35016K, committed 35072K, reserved 1079296K
  class space    used 4473K, capacity 4848K, committed 4864K, reserved 1048576K
Event: 2.456 GC heap after
Heap after GC invocations=8 (full 1):
 PSYoungGen      total 159744K, used 12764K [0x000000076af00000, 0x0000000779c80000, 0x00000007c0000000)
  eden space 146944K, 0% used [0x000000076af00000,0x000000076af00000,0x0000000773e80000)
  from space 12800K, 99% used [0x0000000773e80000,0x0000000774af72e0,0x0000000774b00000)
  to   space 14848K, 0% used [0x0000000778e00000,0x0000000778e00000,0x0000000779c80000)
 ParOldGen       total 105984K, used 9270K [0x00000006c0c00000, 0x00000006c7380000, 0x000000076af00000)
  object space 105984K, 8% used [0x00000006c0c00000,0x00000006c150da40,0x00000006c7380000)
 Metaspace       used 33049K, capacity 35016K, committed 35072K, reserved 1079296K
  class space    used 4473K, capacity 4848K, committed 4864K, reserved 1048576K
}

